[I 16:46:15.243 NotebookApp] The port 8888 is already in use, trying another port.
[I 16:46:15.248 NotebookApp] The port 8889 is already in use, trying another port.
[I 16:46:15.409 NotebookApp] Serving notebooks from local directory: /Users/dxl/Documents/Python/Github/Lynie_tensorflow-tutorial
[I 16:46:15.410 NotebookApp] 0 active kernels
[I 16:46:15.411 NotebookApp] The Jupyter Notebook is running at:
[I 16:46:15.411 NotebookApp] http://localhost:8890/?token=5eaf02d2dc827f40762f41352f5d266de0a59efd42c302f9
[I 16:46:15.416 NotebookApp] Use Control-C to stop this server and shut down all kernels (twice to skip confirmation).
[C 16:46:15.445 NotebookApp] 
    
    Copy/paste this URL into your browser when you connect for the first time,
    to login with a token:
        http://localhost:8890/?token=5eaf02d2dc827f40762f41352f5d266de0a59efd42c302f9&token=5eaf02d2dc827f40762f41352f5d266de0a59efd42c302f9
[I 16:46:16.249 NotebookApp] Accepting one-time-token-authenticated connection from ::1
[W 11:29:27.619 NotebookApp] Notebook Classification_of_MNIST .ipynb is not trusted
[W 11:29:28.309 NotebookApp] Notebook Classification_of_MNIST .ipynb is not trusted
[I 11:29:29.167 NotebookApp] Kernel started: 34acba4a-1c7e-469f-a81d-6d058859b394
[I 11:29:34.064 NotebookApp] Adapting to protocol v5.1 for kernel 34acba4a-1c7e-469f-a81d-6d058859b394
[I 11:31:29.067 NotebookApp] Saving file at /Classification_of_MNIST .ipynb
[W 11:31:29.067 NotebookApp] Notebook Classification_of_MNIST .ipynb is not trusted
[I 11:33:29.083 NotebookApp] Saving file at /Classification_of_MNIST .ipynb
[W 11:33:29.084 NotebookApp] Notebook Classification_of_MNIST .ipynb is not trusted
[I 11:34:08.003 NotebookApp] Saving file at /Classification_of_MNIST .ipynb
[W 11:34:08.004 NotebookApp] Notebook Classification_of_MNIST .ipynb is not trusted
[I 11:34:12.330 NotebookApp] Starting buffering for 34acba4a-1c7e-469f-a81d-6d058859b394:37fb9e08bd684952968e3a9de01fb0d1
[I 11:34:12.760 NotebookApp] Kernel restarted: 34acba4a-1c7e-469f-a81d-6d058859b394
[I 11:34:15.459 NotebookApp] Adapting to protocol v5.1 for kernel 34acba4a-1c7e-469f-a81d-6d058859b394
[I 11:34:15.461 NotebookApp] Restoring connection for 34acba4a-1c7e-469f-a81d-6d058859b394:37fb9e08bd684952968e3a9de01fb0d1
[I 11:34:15.461 NotebookApp] Replaying 7 buffered messages
[I 11:35:29.069 NotebookApp] Saving file at /Classification_of_MNIST .ipynb
[I 11:37:29.067 NotebookApp] Saving file at /Classification_of_MNIST .ipynb
[I 11:39:29.056 NotebookApp] Saving file at /Classification_of_MNIST .ipynb
[I 11:41:29.051 NotebookApp] Saving file at /Classification_of_MNIST .ipynb
[I 11:43:29.046 NotebookApp] Saving file at /Classification_of_MNIST .ipynb
[I 11:45:29.040 NotebookApp] Saving file at /Classification_of_MNIST .ipynb
[I 11:47:29.888 NotebookApp] Saving file at /Classification_of_MNIST .ipynb
[I 11:49:54.954 NotebookApp] Saving file at /Classification_of_MNIST .ipynb
[I 11:52:53.192 NotebookApp] Saving file at /Classification_of_MNIST .ipynb
[I 11:55:48.128 NotebookApp] Saving file at /Classification_of_MNIST .ipynb
[I 12:01:46.383 NotebookApp] Saving file at /Classification_of_MNIST .ipynb
[I 12:06:01.574 NotebookApp] Saving file at /Classification_of_MNIST .ipynb
[I 12:10:18.669 NotebookApp] Saving file at /Classification_of_MNIST .ipynb
[I 12:14:34.770 NotebookApp] Saving file at /Classification_of_MNIST .ipynb
[I 12:19:03.000 NotebookApp] Saving file at /Classification_of_MNIST .ipynb
[I 12:23:22.216 NotebookApp] Saving file at /Classification_of_MNIST .ipynb
[I 12:27:33.767 NotebookApp] Saving file at /Classification_of_MNIST .ipynb
[I 12:29:33.766 NotebookApp] Saving file at /Classification_of_MNIST .ipynb
[I 12:31:33.748 NotebookApp] Saving file at /Classification_of_MNIST .ipynb
[I 12:33:33.746 NotebookApp] Saving file at /Classification_of_MNIST .ipynb
[I 12:35:33.741 NotebookApp] Saving file at /Classification_of_MNIST .ipynb
[I 12:37:33.737 NotebookApp] Saving file at /Classification_of_MNIST .ipynb
[I 12:39:33.734 NotebookApp] Saving file at /Classification_of_MNIST .ipynb
[I 12:41:33.741 NotebookApp] Saving file at /Classification_of_MNIST .ipynb
[I 12:43:33.728 NotebookApp] Saving file at /Classification_of_MNIST .ipynb
[I 12:45:33.728 NotebookApp] Saving file at /Classification_of_MNIST .ipynb
[I 12:47:33.722 NotebookApp] Saving file at /Classification_of_MNIST .ipynb
[I 12:48:32.096 NotebookApp] Kernel interrupted: 34acba4a-1c7e-469f-a81d-6d058859b394
[I 12:49:16.653 NotebookApp] Saving file at /Classification_of_MNIST .ipynb
[I 12:58:23.932 NotebookApp] Starting buffering for 34acba4a-1c7e-469f-a81d-6d058859b394:37fb9e08bd684952968e3a9de01fb0d1
[W 14:14:43.436 NotebookApp] Notebook Classification_of_MNIST .ipynb is not trusted
[I 14:14:44.248 NotebookApp] Adapting to protocol v5.1 for kernel 34acba4a-1c7e-469f-a81d-6d058859b394
[I 14:16:14.363 NotebookApp] Saving file at /Classification_of_MNIST .ipynb
[W 14:16:14.364 NotebookApp] Notebook Classification_of_MNIST .ipynb is not trusted
[I 15:00:03.045 NotebookApp] Saving file at /Classification_of_MNIST .ipynb
[W 15:00:03.047 NotebookApp] Notebook Classification_of_MNIST .ipynb is not trusted
[I 15:35:05.388 NotebookApp] Saving file at /Classification_of_MNIST .ipynb
[W 15:35:05.392 NotebookApp] Notebook Classification_of_MNIST .ipynb is not trusted
[I 15:42:28.682 NotebookApp] Saving file at /Classification_of_MNIST .ipynb
[W 15:42:28.685 NotebookApp] Notebook Classification_of_MNIST .ipynb is not trusted
[I 15:49:28.573 NotebookApp] Saving file at /Classification_of_MNIST .ipynb
[W 15:49:28.574 NotebookApp] Notebook Classification_of_MNIST .ipynb is not trusted
[I 15:50:05.795 NotebookApp] Saving file at /Classification_of_MNIST .ipynb
[W 15:50:05.795 NotebookApp] Notebook Classification_of_MNIST .ipynb is not trusted
[I 15:51:28.566 NotebookApp] Saving file at /Classification_of_MNIST .ipynb
[W 15:51:28.566 NotebookApp] Notebook Classification_of_MNIST .ipynb is not trusted
[I 15:53:28.563 NotebookApp] Saving file at /Classification_of_MNIST .ipynb
[W 15:53:28.572 NotebookApp] Notebook Classification_of_MNIST .ipynb is not trusted
[I 15:54:31.102 NotebookApp] Saving file at /Classification_of_MNIST .ipynb
[W 15:54:31.103 NotebookApp] Notebook Classification_of_MNIST .ipynb is not trusted
[I 15:54:35.652 NotebookApp] Saving file at /Classification_of_MNIST .ipynb
[W 15:54:35.652 NotebookApp] Notebook Classification_of_MNIST .ipynb is not trusted
[I 15:54:37.480 NotebookApp] Starting buffering for 34acba4a-1c7e-469f-a81d-6d058859b394:ce20ac2468e449e98a5851332936b854
[W 15:54:40.537 NotebookApp] Notebook Classification_of_MNIST .ipynb is not trusted
[I 15:54:41.246 NotebookApp] Adapting to protocol v5.1 for kernel 34acba4a-1c7e-469f-a81d-6d058859b394
[I 16:07:44.935 NotebookApp] Saving file at /Classification_of_MNIST .ipynb
[W 16:07:44.938 NotebookApp] Notebook Classification_of_MNIST .ipynb is not trusted
[I 16:08:53.701 NotebookApp] Saving file at /Classification_of_MNIST .ipynb
[W 16:08:53.710 NotebookApp] Notebook Classification_of_MNIST .ipynb is not trusted
[I 16:10:53.689 NotebookApp] Saving file at /Classification_of_MNIST .ipynb
[W 16:10:53.689 NotebookApp] Notebook Classification_of_MNIST .ipynb is not trusted
[I 16:12:53.694 NotebookApp] Saving file at /Classification_of_MNIST .ipynb
[W 16:12:53.695 NotebookApp] Notebook Classification_of_MNIST .ipynb is not trusted
[I 16:14:25.663 NotebookApp] Saving file at /Classification_of_MNIST .ipynb
[W 16:14:25.665 NotebookApp] Notebook Classification_of_MNIST .ipynb is not trusted
[I 16:14:28.308 NotebookApp] Starting buffering for 34acba4a-1c7e-469f-a81d-6d058859b394:c27c02a7b6fc41ce8fa0282f35721168
[W 16:14:31.004 NotebookApp] Notebook Classification_of_MNIST .ipynb is not trusted
[I 16:14:31.806 NotebookApp] Adapting to protocol v5.1 for kernel 34acba4a-1c7e-469f-a81d-6d058859b394
[I 16:14:50.066 NotebookApp] Saving file at /Classification_of_MNIST .ipynb
[W 16:14:50.067 NotebookApp] Notebook Classification_of_MNIST .ipynb is not trusted
[I 16:14:57.983 NotebookApp] Saving file at /Classification_of_MNIST .ipynb
[W 16:14:57.983 NotebookApp] Notebook Classification_of_MNIST .ipynb is not trusted
[I 16:15:01.462 NotebookApp] Starting buffering for 34acba4a-1c7e-469f-a81d-6d058859b394:a1268ff37818439a860df24f1cb49c5e
[W 16:15:04.253 NotebookApp] Notebook Classification_of_MNIST .ipynb is not trusted
[I 16:15:05.387 NotebookApp] Adapting to protocol v5.1 for kernel 34acba4a-1c7e-469f-a81d-6d058859b394
[I 16:15:57.966 NotebookApp] Saving file at /Classification_of_MNIST .ipynb
[W 16:15:57.967 NotebookApp] Notebook Classification_of_MNIST .ipynb is not trusted
[I 16:16:57.398 NotebookApp] Saving file at /Classification_of_MNIST .ipynb
[W 16:16:57.399 NotebookApp] Notebook Classification_of_MNIST .ipynb is not trusted
[I 16:16:59.698 NotebookApp] Saving file at /Classification_of_MNIST .ipynb
[W 16:16:59.699 NotebookApp] Notebook Classification_of_MNIST .ipynb is not trusted
[I 16:20:57.602 NotebookApp] Saving file at /Classification_of_MNIST .ipynb
[W 16:20:57.610 NotebookApp] Notebook Classification_of_MNIST .ipynb is not trusted
[I 16:20:59.960 NotebookApp] Saving file at /Classification_of_MNIST .ipynb
[W 16:20:59.961 NotebookApp] Notebook Classification_of_MNIST .ipynb is not trusted
[I 16:21:01.940 NotebookApp] Starting buffering for 34acba4a-1c7e-469f-a81d-6d058859b394:6e2cdc8b4e3d436382332637360e9ec0
[W 16:21:09.273 NotebookApp] Notebook Classification_of_MNIST .ipynb is not trusted
[I 16:21:10.038 NotebookApp] 302 GET /notebooks/img/quora_1.png (::1) 1.65ms
[I 16:21:10.149 NotebookApp] Adapting to protocol v5.1 for kernel 34acba4a-1c7e-469f-a81d-6d058859b394
[I 16:22:03.682 NotebookApp] Saving file at /Classification_of_MNIST .ipynb
[W 16:22:03.682 NotebookApp] Notebook Classification_of_MNIST .ipynb is not trusted
[I 16:22:07.472 NotebookApp] Saving file at /Classification_of_MNIST .ipynb
[W 16:22:07.473 NotebookApp] Notebook Classification_of_MNIST .ipynb is not trusted
[I 16:35:10.076 NotebookApp] Saving file at /Classification_of_MNIST .ipynb
[W 16:35:10.084 NotebookApp] Notebook Classification_of_MNIST .ipynb is not trusted
[I 16:37:10.072 NotebookApp] Saving file at /Classification_of_MNIST .ipynb
[W 16:37:10.080 NotebookApp] Notebook Classification_of_MNIST .ipynb is not trusted
[I 16:39:10.069 NotebookApp] Saving file at /Classification_of_MNIST .ipynb
[W 16:39:10.069 NotebookApp] Notebook Classification_of_MNIST .ipynb is not trusted
[I 16:56:08.523 NotebookApp] Saving file at /Classification_of_MNIST .ipynb
[W 16:56:08.524 NotebookApp] Notebook Classification_of_MNIST .ipynb is not trusted
[I 16:56:11.174 NotebookApp] Saving file at /Classification_of_MNIST .ipynb
[W 16:56:11.175 NotebookApp] Notebook Classification_of_MNIST .ipynb is not trusted
[I 16:56:12.628 NotebookApp] Starting buffering for 34acba4a-1c7e-469f-a81d-6d058859b394:314c4659b2ed453b86bd5bc367977f9f
[W 16:56:15.708 NotebookApp] Notebook Classification_of_MNIST .ipynb is not trusted
[I 16:56:16.336 NotebookApp] 302 GET /notebooks/img/quora_1.png (::1) 2.68ms
[I 16:56:16.449 NotebookApp] Adapting to protocol v5.1 for kernel 34acba4a-1c7e-469f-a81d-6d058859b394
[I 16:56:57.714 NotebookApp] Saving file at /Classification_of_MNIST .ipynb
[W 16:56:57.715 NotebookApp] Notebook Classification_of_MNIST .ipynb is not trusted
[I 17:04:16.435 NotebookApp] Saving file at /Classification_of_MNIST .ipynb
[I 17:21:03.602 NotebookApp] Saving file at /Classification_of_MNIST .ipynb
[I 17:23:03.594 NotebookApp] Saving file at /Classification_of_MNIST .ipynb
[I 17:25:03.580 NotebookApp] Saving file at /Classification_of_MNIST .ipynb
[I 17:25:06.293 NotebookApp] Saving file at /Classification_of_MNIST .ipynb
[I 17:28:51.822 NotebookApp] Saving file at /Classification_of_MNIST .ipynb
[I 17:28:56.690 NotebookApp] Starting buffering for 34acba4a-1c7e-469f-a81d-6d058859b394:dfc34805001e4d8b953ed12a52483e38
